{"C:\\Users\\patin\\myBeverage\\app.js": {"path":"C:\\Users\\patin\\myBeverage\\app.js","statementMap":{"0":{"start":{"line":1,"column":16},"end":{"line":1,"column":34}},"1":{"start":{"line":2,"column":19},"end":{"line":2,"column":41}},"2":{"start":{"line":3,"column":25},"end":{"line":3,"column":63}},"3":{"start":{"line":4,"column":20},"end":{"line":4,"column":42}},"4":{"start":{"line":6,"column":12},"end":{"line":6,"column":21}},"5":{"start":{"line":8,"column":15},"end":{"line":8,"column":41}},"6":{"start":{"line":9,"column":15},"end":{"line":9,"column":41}},"7":{"start":{"line":10,"column":17},"end":{"line":10,"column":45}},"8":{"start":{"line":11,"column":19},"end":{"line":11,"column":49}},"9":{"start":{"line":12,"column":20},"end":{"line":12,"column":51}},"10":{"start":{"line":14,"column":0},"end":{"line":14,"column":33}},"11":{"start":{"line":15,"column":0},"end":{"line":15,"column":27}},"12":{"start":{"line":16,"column":0},"end":{"line":16,"column":29}},"13":{"start":{"line":17,"column":0},"end":{"line":17,"column":22}},"14":{"start":{"line":19,"column":0},"end":{"line":27,"column":2}},"15":{"start":{"line":20,"column":1},"end":{"line":25,"column":2}},"16":{"start":{"line":21,"column":17},"end":{"line":21,"column":34}},"17":{"start":{"line":22,"column":2},"end":{"line":22,"column":26}},"18":{"start":{"line":23,"column":2},"end":{"line":23,"column":21}},"19":{"start":{"line":24,"column":2},"end":{"line":24,"column":20}},"20":{"start":{"line":26,"column":1},"end":{"line":26,"column":7}},"21":{"start":{"line":29,"column":0},"end":{"line":29,"column":26}},"22":{"start":{"line":30,"column":0},"end":{"line":30,"column":34}},"23":{"start":{"line":32,"column":0},"end":{"line":32,"column":26}},"24":{"start":{"line":33,"column":0},"end":{"line":33,"column":30}},"25":{"start":{"line":34,"column":0},"end":{"line":34,"column":36}},"26":{"start":{"line":37,"column":0},"end":{"line":39,"column":3}},"27":{"start":{"line":38,"column":2},"end":{"line":38,"column":38}},"28":{"start":{"line":41,"column":0},"end":{"line":41,"column":16}}},"fnMap":{"0":{"name":"(anonymous_0)","decl":{"start":{"line":19,"column":8},"end":{"line":19,"column":9}},"loc":{"start":{"line":19,"column":32},"end":{"line":27,"column":1}},"line":19},"1":{"name":"(anonymous_1)","decl":{"start":{"line":37,"column":13},"end":{"line":37,"column":14}},"loc":{"start":{"line":37,"column":40},"end":{"line":39,"column":2}},"line":37}},"branchMap":{"0":{"loc":{"start":{"line":20,"column":1},"end":{"line":25,"column":2}},"type":"if","locations":[{"start":{"line":20,"column":1},"end":{"line":25,"column":2}},{"start":{"line":20,"column":1},"end":{"line":25,"column":2}}],"line":20},"1":{"loc":{"start":{"line":20,"column":4},"end":{"line":20,"column":59}},"type":"binary-expr","locations":[{"start":{"line":20,"column":4},"end":{"line":20,"column":13}},{"start":{"line":20,"column":17},"end":{"line":20,"column":33}},{"start":{"line":20,"column":37},"end":{"line":20,"column":59}}],"line":20}},"s":{"0":0,"1":0,"2":0,"3":0,"4":0,"5":0,"6":0,"7":0,"8":0,"9":0,"10":0,"11":0,"12":0,"13":0,"14":0,"15":0,"16":0,"17":0,"18":0,"19":0,"20":0,"21":0,"22":0,"23":0,"24":0,"25":0,"26":0,"27":0,"28":0},"f":{"0":0,"1":0},"b":{"0":[0,0],"1":[0,0,0]},"hash":"1f1823d37e0c58717984abbbc1d03d9117b2fbe6"}
,"C:\\Users\\patin\\myBeverage\\custom-auth.js": {"path":"C:\\Users\\patin\\myBeverage\\custom-auth.js","statementMap":{"0":{"start":{"line":2,"column":16},"end":{"line":2,"column":43}},"1":{"start":{"line":3,"column":18},"end":{"line":3,"column":47}},"2":{"start":{"line":5,"column":13},"end":{"line":8,"column":2}},"3":{"start":{"line":10,"column":18},"end":{"line":16,"column":1}},"4":{"start":{"line":11,"column":2},"end":{"line":15,"column":16}},"5":{"start":{"line":12,"column":3},"end":{"line":12,"column":35}},"6":{"start":{"line":15,"column":3},"end":{"line":15,"column":16}},"7":{"start":{"line":19,"column":0},"end":{"line":22,"column":1}}},"fnMap":{"0":{"name":"(anonymous_0)","decl":{"start":{"line":10,"column":18},"end":{"line":10,"column":19}},"loc":{"start":{"line":10,"column":44},"end":{"line":16,"column":1}},"line":10}},"branchMap":{"0":{"loc":{"start":{"line":11,"column":2},"end":{"line":15,"column":16}},"type":"if","locations":[{"start":{"line":11,"column":2},"end":{"line":15,"column":16}},{"start":{"line":11,"column":2},"end":{"line":15,"column":16}}],"line":11}},"s":{"0":1,"1":1,"2":1,"3":1,"4":6,"5":6,"6":0,"7":1},"f":{"0":6},"b":{"0":[6,0]},"_coverageSchema":"43e27e138ebf9cfc5966b082cf9a028302ed4184","hash":"b87b57cf779002e6a281e748dc2a5701a90a539f"}
,"C:\\Users\\patin\\myBeverage\\models\\categories.js": {"path":"C:\\Users\\patin\\myBeverage\\models\\categories.js","statementMap":{"0":{"start":{"line":2,"column":0},"end":{"line":10,"column":2}},"1":{"start":{"line":3,"column":21},"end":{"line":5,"column":8}},"2":{"start":{"line":6,"column":2},"end":{"line":8,"column":4}},"3":{"start":{"line":9,"column":2},"end":{"line":9,"column":20}}},"fnMap":{"0":{"name":"(anonymous_0)","decl":{"start":{"line":2,"column":17},"end":{"line":2,"column":18}},"loc":{"start":{"line":2,"column":43},"end":{"line":10,"column":1}},"line":2},"1":{"name":"(anonymous_1)","decl":{"start":{"line":6,"column":25},"end":{"line":6,"column":26}},"loc":{"start":{"line":6,"column":42},"end":{"line":8,"column":3}},"line":6}},"branchMap":{},"s":{"0":2,"1":2,"2":2,"3":2},"f":{"0":2,"1":2},"b":{},"_coverageSchema":"43e27e138ebf9cfc5966b082cf9a028302ed4184","hash":"1309a438bfbdfa34cf28071cdee593541ea1e0e9"}
,"C:\\Users\\patin\\myBeverage\\models\\drinks.js": {"path":"C:\\Users\\patin\\myBeverage\\models\\drinks.js","statementMap":{"0":{"start":{"line":2,"column":0},"end":{"line":13,"column":2}},"1":{"start":{"line":3,"column":17},"end":{"line":8,"column":8}},"2":{"start":{"line":9,"column":2},"end":{"line":11,"column":4}},"3":{"start":{"line":12,"column":2},"end":{"line":12,"column":16}}},"fnMap":{"0":{"name":"(anonymous_0)","decl":{"start":{"line":2,"column":17},"end":{"line":2,"column":18}},"loc":{"start":{"line":2,"column":43},"end":{"line":13,"column":1}},"line":2},"1":{"name":"(anonymous_1)","decl":{"start":{"line":9,"column":21},"end":{"line":9,"column":22}},"loc":{"start":{"line":9,"column":38},"end":{"line":11,"column":3}},"line":9}},"branchMap":{},"s":{"0":2,"1":2,"2":2,"3":2},"f":{"0":2,"1":2},"b":{},"_coverageSchema":"43e27e138ebf9cfc5966b082cf9a028302ed4184","hash":"829fd7e88d9cf16b19cb06f9d11c42f60aa7bc1b"}
,"C:\\Users\\patin\\myBeverage\\models\\index.js": {"path":"C:\\Users\\patin\\myBeverage\\models\\index.js","statementMap":{"0":{"start":{"line":3,"column":11},"end":{"line":3,"column":24}},"1":{"start":{"line":4,"column":13},"end":{"line":4,"column":28}},"2":{"start":{"line":5,"column":18},"end":{"line":5,"column":38}},"3":{"start":{"line":6,"column":17},"end":{"line":6,"column":42}},"4":{"start":{"line":7,"column":12},"end":{"line":7,"column":49}},"5":{"start":{"line":8,"column":15},"end":{"line":8,"column":65}},"6":{"start":{"line":9,"column":11},"end":{"line":9,"column":13}},"7":{"start":{"line":12,"column":0},"end":{"line":19,"column":1}},"8":{"start":{"line":13,"column":2},"end":{"line":13,"column":48}},"9":{"start":{"line":14,"column":2},"end":{"line":14,"column":74}},"10":{"start":{"line":16,"column":2},"end":{"line":16,"column":48}},"11":{"start":{"line":17,"column":2},"end":{"line":17,"column":46}},"12":{"start":{"line":18,"column":2},"end":{"line":18,"column":87}},"13":{"start":{"line":21,"column":0},"end":{"line":29,"column":5}},"14":{"start":{"line":24,"column":4},"end":{"line":24,"column":90}},"15":{"start":{"line":27,"column":18},"end":{"line":27,"column":65}},"16":{"start":{"line":28,"column":4},"end":{"line":28,"column":27}},"17":{"start":{"line":31,"column":0},"end":{"line":35,"column":3}},"18":{"start":{"line":32,"column":2},"end":{"line":34,"column":3}},"19":{"start":{"line":33,"column":4},"end":{"line":33,"column":32}},"20":{"start":{"line":37,"column":0},"end":{"line":37,"column":25}},"21":{"start":{"line":38,"column":0},"end":{"line":38,"column":25}},"22":{"start":{"line":40,"column":0},"end":{"line":40,"column":20}}},"fnMap":{"0":{"name":"(anonymous_0)","decl":{"start":{"line":23,"column":10},"end":{"line":23,"column":11}},"loc":{"start":{"line":23,"column":18},"end":{"line":25,"column":3}},"line":23},"1":{"name":"(anonymous_1)","decl":{"start":{"line":26,"column":11},"end":{"line":26,"column":12}},"loc":{"start":{"line":26,"column":19},"end":{"line":29,"column":3}},"line":26},"2":{"name":"(anonymous_2)","decl":{"start":{"line":31,"column":24},"end":{"line":31,"column":25}},"loc":{"start":{"line":31,"column":37},"end":{"line":35,"column":1}},"line":31}},"branchMap":{"0":{"loc":{"start":{"line":7,"column":12},"end":{"line":7,"column":49}},"type":"binary-expr","locations":[{"start":{"line":7,"column":12},"end":{"line":7,"column":32}},{"start":{"line":7,"column":36},"end":{"line":7,"column":49}}],"line":7},"1":{"loc":{"start":{"line":12,"column":0},"end":{"line":19,"column":1}},"type":"if","locations":[{"start":{"line":12,"column":0},"end":{"line":19,"column":1}},{"start":{"line":12,"column":0},"end":{"line":19,"column":1}}],"line":12},"2":{"loc":{"start":{"line":24,"column":11},"end":{"line":24,"column":89}},"type":"binary-expr","locations":[{"start":{"line":24,"column":12},"end":{"line":24,"column":35}},{"start":{"line":24,"column":41},"end":{"line":24,"column":58}},{"start":{"line":24,"column":64},"end":{"line":24,"column":88}}],"line":24},"3":{"loc":{"start":{"line":32,"column":2},"end":{"line":34,"column":3}},"type":"if","locations":[{"start":{"line":32,"column":2},"end":{"line":34,"column":3}},{"start":{"line":32,"column":2},"end":{"line":34,"column":3}}],"line":32}},"s":{"0":2,"1":2,"2":2,"3":2,"4":2,"5":2,"6":2,"7":2,"8":0,"9":0,"10":2,"11":2,"12":2,"13":2,"14":12,"15":10,"16":10,"17":2,"18":10,"19":10,"20":2,"21":2,"22":2},"f":{"0":12,"1":10,"2":10},"b":{"0":[2,0],"1":[0,2],"2":[12,12,10],"3":[10,0]},"_coverageSchema":"43e27e138ebf9cfc5966b082cf9a028302ed4184","hash":"c23407e8a0b980cd2e198fcfaf2625480516ecc3"}
,"C:\\Users\\patin\\myBeverage\\models\\orderitems.js": {"path":"C:\\Users\\patin\\myBeverage\\models\\orderitems.js","statementMap":{"0":{"start":{"line":2,"column":0},"end":{"line":13,"column":2}},"1":{"start":{"line":3,"column":21},"end":{"line":8,"column":8}},"2":{"start":{"line":9,"column":2},"end":{"line":11,"column":4}},"3":{"start":{"line":12,"column":2},"end":{"line":12,"column":20}}},"fnMap":{"0":{"name":"(anonymous_0)","decl":{"start":{"line":2,"column":17},"end":{"line":2,"column":18}},"loc":{"start":{"line":2,"column":43},"end":{"line":13,"column":1}},"line":2},"1":{"name":"(anonymous_1)","decl":{"start":{"line":9,"column":25},"end":{"line":9,"column":26}},"loc":{"start":{"line":9,"column":42},"end":{"line":11,"column":3}},"line":9}},"branchMap":{},"s":{"0":2,"1":2,"2":2,"3":2},"f":{"0":2,"1":2},"b":{},"_coverageSchema":"43e27e138ebf9cfc5966b082cf9a028302ed4184","hash":"ca5e79f9b42b164e22dfb67017b7cd871b537a3c"}
,"C:\\Users\\patin\\myBeverage\\models\\orders.js": {"path":"C:\\Users\\patin\\myBeverage\\models\\orders.js","statementMap":{"0":{"start":{"line":2,"column":0},"end":{"line":10,"column":2}},"1":{"start":{"line":3,"column":17},"end":{"line":5,"column":8}},"2":{"start":{"line":6,"column":2},"end":{"line":8,"column":4}},"3":{"start":{"line":9,"column":2},"end":{"line":9,"column":16}}},"fnMap":{"0":{"name":"(anonymous_0)","decl":{"start":{"line":2,"column":17},"end":{"line":2,"column":18}},"loc":{"start":{"line":2,"column":43},"end":{"line":10,"column":1}},"line":2},"1":{"name":"(anonymous_1)","decl":{"start":{"line":6,"column":21},"end":{"line":6,"column":22}},"loc":{"start":{"line":6,"column":38},"end":{"line":8,"column":3}},"line":6}},"branchMap":{},"s":{"0":2,"1":2,"2":2,"3":2},"f":{"0":2,"1":2},"b":{},"_coverageSchema":"43e27e138ebf9cfc5966b082cf9a028302ed4184","hash":"684a0a88c5dd40ad3fe9c28deec9db650f75d632"}
,"C:\\Users\\patin\\myBeverage\\models\\users.js": {"path":"C:\\Users\\patin\\myBeverage\\models\\users.js","statementMap":{"0":{"start":{"line":2,"column":0},"end":{"line":12,"column":2}},"1":{"start":{"line":3,"column":16},"end":{"line":7,"column":8}},"2":{"start":{"line":8,"column":2},"end":{"line":10,"column":4}},"3":{"start":{"line":11,"column":2},"end":{"line":11,"column":15}}},"fnMap":{"0":{"name":"(anonymous_0)","decl":{"start":{"line":2,"column":17},"end":{"line":2,"column":18}},"loc":{"start":{"line":2,"column":43},"end":{"line":12,"column":1}},"line":2},"1":{"name":"(anonymous_1)","decl":{"start":{"line":8,"column":20},"end":{"line":8,"column":21}},"loc":{"start":{"line":8,"column":37},"end":{"line":10,"column":3}},"line":8}},"branchMap":{},"s":{"0":2,"1":2,"2":2,"3":2},"f":{"0":2,"1":2},"b":{},"_coverageSchema":"43e27e138ebf9cfc5966b082cf9a028302ed4184","hash":"f390b2dbd051c0d536b2307dfe2451fd9bb7c9a9"}
,"C:\\Users\\patin\\myBeverage\\routes\\baristas.js": {"path":"C:\\Users\\patin\\myBeverage\\routes\\baristas.js","statementMap":{"0":{"start":{"line":1,"column":16},"end":{"line":1,"column":34}},"1":{"start":{"line":2,"column":19},"end":{"line":2,"column":41}},"2":{"start":{"line":3,"column":15},"end":{"line":3,"column":31}},"3":{"start":{"line":4,"column":25},"end":{"line":4,"column":63}},"4":{"start":{"line":5,"column":16},"end":{"line":5,"column":36}},"5":{"start":{"line":6,"column":30},"end":{"line":6,"column":55}},"6":{"start":{"line":7,"column":12},"end":{"line":7,"column":21}},"7":{"start":{"line":9,"column":0},"end":{"line":23,"column":3}},"8":{"start":{"line":11,"column":17},"end":{"line":11,"column":44}},"9":{"start":{"line":12,"column":2},"end":{"line":12,"column":54}},"10":{"start":{"line":15,"column":38},"end":{"line":15,"column":50}},"11":{"start":{"line":16,"column":2},"end":{"line":16,"column":52}},"12":{"start":{"line":17,"column":2},"end":{"line":17,"column":38}},"13":{"start":{"line":20,"column":15},"end":{"line":20,"column":28}},"14":{"start":{"line":21,"column":2},"end":{"line":21,"column":34}},"15":{"start":{"line":22,"column":2},"end":{"line":22,"column":38}},"16":{"start":{"line":25,"column":0},"end":{"line":27,"column":2}},"17":{"start":{"line":26,"column":1},"end":{"line":26,"column":32}},"18":{"start":{"line":29,"column":0},"end":{"line":31,"column":2}},"19":{"start":{"line":30,"column":1},"end":{"line":30,"column":31}},"20":{"start":{"line":33,"column":0},"end":{"line":41,"column":2}},"21":{"start":{"line":34,"column":31},"end":{"line":34,"column":43}},"22":{"start":{"line":35,"column":17},"end":{"line":35,"column":56}},"23":{"start":{"line":36,"column":2},"end":{"line":40,"column":3}},"24":{"start":{"line":37,"column":3},"end":{"line":37,"column":31}},"25":{"start":{"line":39,"column":3},"end":{"line":39,"column":39}},"26":{"start":{"line":43,"column":0},"end":{"line":43,"column":23}}},"fnMap":{"0":{"name":"(anonymous_0)","decl":{"start":{"line":10,"column":15},"end":{"line":10,"column":16}},"loc":{"start":{"line":10,"column":49},"end":{"line":13,"column":2}},"line":10},"1":{"name":"(anonymous_1)","decl":{"start":{"line":14,"column":34},"end":{"line":14,"column":35}},"loc":{"start":{"line":14,"column":68},"end":{"line":18,"column":2}},"line":14},"2":{"name":"(anonymous_2)","decl":{"start":{"line":19,"column":36},"end":{"line":19,"column":37}},"loc":{"start":{"line":19,"column":69},"end":{"line":23,"column":2}},"line":19},"3":{"name":"(anonymous_3)","decl":{"start":{"line":25,"column":27},"end":{"line":25,"column":28}},"loc":{"start":{"line":25,"column":55},"end":{"line":27,"column":1}},"line":25},"4":{"name":"(anonymous_4)","decl":{"start":{"line":29,"column":21},"end":{"line":29,"column":22}},"loc":{"start":{"line":29,"column":49},"end":{"line":31,"column":1}},"line":29},"5":{"name":"(anonymous_5)","decl":{"start":{"line":33,"column":42},"end":{"line":33,"column":43}},"loc":{"start":{"line":33,"column":76},"end":{"line":41,"column":1}},"line":33}},"branchMap":{"0":{"loc":{"start":{"line":36,"column":2},"end":{"line":40,"column":3}},"type":"if","locations":[{"start":{"line":36,"column":2},"end":{"line":40,"column":3}},{"start":{"line":36,"column":2},"end":{"line":40,"column":3}}],"line":36}},"s":{"0":1,"1":1,"2":1,"3":1,"4":1,"5":1,"6":1,"7":1,"8":0,"9":0,"10":0,"11":0,"12":0,"13":0,"14":0,"15":0,"16":1,"17":0,"18":1,"19":1,"20":1,"21":1,"22":1,"23":1,"24":1,"25":0,"26":1},"f":{"0":0,"1":0,"2":0,"3":0,"4":1,"5":1},"b":{"0":[1,0]},"_coverageSchema":"43e27e138ebf9cfc5966b082cf9a028302ed4184","hash":"0f7dde2fac1cff19e271fc50dc1bc360ac1b4e55"}
,"C:\\Users\\patin\\myBeverage\\routes\\categories.js": {"path":"C:\\Users\\patin\\myBeverage\\routes\\categories.js","statementMap":{"0":{"start":{"line":1,"column":16},"end":{"line":1,"column":34}},"1":{"start":{"line":2,"column":19},"end":{"line":2,"column":41}},"2":{"start":{"line":3,"column":25},"end":{"line":3,"column":63}},"3":{"start":{"line":4,"column":15},"end":{"line":4,"column":31}},"4":{"start":{"line":6,"column":16},"end":{"line":6,"column":36}},"5":{"start":{"line":8,"column":0},"end":{"line":11,"column":3}},"6":{"start":{"line":9,"column":21},"end":{"line":9,"column":53}},"7":{"start":{"line":10,"column":2},"end":{"line":10,"column":60}},"8":{"start":{"line":13,"column":0},"end":{"line":17,"column":3}},"9":{"start":{"line":14,"column":25},"end":{"line":14,"column":37}},"10":{"start":{"line":15,"column":2},"end":{"line":15,"column":44}},"11":{"start":{"line":16,"column":2},"end":{"line":16,"column":35}},"12":{"start":{"line":19,"column":0},"end":{"line":23,"column":3}},"13":{"start":{"line":20,"column":15},"end":{"line":20,"column":29}},"14":{"start":{"line":21,"column":2},"end":{"line":21,"column":34}},"15":{"start":{"line":22,"column":2},"end":{"line":22,"column":35}},"16":{"start":{"line":25,"column":0},"end":{"line":27,"column":3}},"17":{"start":{"line":26,"column":2},"end":{"line":26,"column":43}},"18":{"start":{"line":29,"column":0},"end":{"line":29,"column":23}}},"fnMap":{"0":{"name":"(anonymous_0)","decl":{"start":{"line":8,"column":16},"end":{"line":8,"column":17}},"loc":{"start":{"line":8,"column":49},"end":{"line":11,"column":2}},"line":8},"1":{"name":"(anonymous_1)","decl":{"start":{"line":13,"column":35},"end":{"line":13,"column":36}},"loc":{"start":{"line":13,"column":68},"end":{"line":17,"column":2}},"line":13},"2":{"name":"(anonymous_2)","decl":{"start":{"line":19,"column":40},"end":{"line":19,"column":41}},"loc":{"start":{"line":19,"column":73},"end":{"line":23,"column":2}},"line":19},"3":{"name":"(anonymous_3)","decl":{"start":{"line":25,"column":19},"end":{"line":25,"column":20}},"loc":{"start":{"line":25,"column":46},"end":{"line":27,"column":2}},"line":25}},"branchMap":{},"s":{"0":1,"1":1,"2":1,"3":1,"4":1,"5":1,"6":0,"7":0,"8":1,"9":0,"10":0,"11":0,"12":1,"13":0,"14":0,"15":0,"16":1,"17":0,"18":1},"f":{"0":0,"1":0,"2":0,"3":0},"b":{},"_coverageSchema":"43e27e138ebf9cfc5966b082cf9a028302ed4184","hash":"70fd2b1a9f7beeadceca9821cba0ec9b840740f0"}
,"C:\\Users\\patin\\myBeverage\\routes\\drinks.js": {"path":"C:\\Users\\patin\\myBeverage\\routes\\drinks.js","statementMap":{"0":{"start":{"line":1,"column":16},"end":{"line":1,"column":34}},"1":{"start":{"line":2,"column":19},"end":{"line":2,"column":41}},"2":{"start":{"line":3,"column":25},"end":{"line":3,"column":63}},"3":{"start":{"line":4,"column":15},"end":{"line":4,"column":31}},"4":{"start":{"line":5,"column":16},"end":{"line":5,"column":36}},"5":{"start":{"line":6,"column":31},"end":{"line":6,"column":56}},"6":{"start":{"line":8,"column":0},"end":{"line":32,"column":3}},"7":{"start":{"line":10,"column":24},"end":{"line":10,"column":37}},"8":{"start":{"line":11,"column":15},"end":{"line":11,"column":17}},"9":{"start":{"line":12,"column":19},"end":{"line":12,"column":21}},"10":{"start":{"line":13,"column":2},"end":{"line":24,"column":3}},"11":{"start":{"line":14,"column":3},"end":{"line":14,"column":46}},"12":{"start":{"line":15,"column":3},"end":{"line":15,"column":48}},"13":{"start":{"line":17,"column":7},"end":{"line":24,"column":3}},"14":{"start":{"line":18,"column":3},"end":{"line":18,"column":55}},"15":{"start":{"line":19,"column":3},"end":{"line":19,"column":48}},"16":{"start":{"line":22,"column":3},"end":{"line":22,"column":40}},"17":{"start":{"line":23,"column":3},"end":{"line":23,"column":48}},"18":{"start":{"line":25,"column":2},"end":{"line":25,"column":60}},"19":{"start":{"line":29,"column":57},"end":{"line":29,"column":69}},"20":{"start":{"line":30,"column":2},"end":{"line":30,"column":73}},"21":{"start":{"line":31,"column":2},"end":{"line":31,"column":31}},"22":{"start":{"line":34,"column":0},"end":{"line":37,"column":2}},"23":{"start":{"line":35,"column":20},"end":{"line":35,"column":52}},"24":{"start":{"line":36,"column":1},"end":{"line":36,"column":49}},"25":{"start":{"line":39,"column":0},"end":{"line":57,"column":2}},"26":{"start":{"line":40,"column":23},"end":{"line":40,"column":36}},"27":{"start":{"line":41,"column":14},"end":{"line":41,"column":16}},"28":{"start":{"line":43,"column":1},"end":{"line":46,"column":45}},"29":{"start":{"line":44,"column":2},"end":{"line":44,"column":39}},"30":{"start":{"line":46,"column":2},"end":{"line":46,"column":45}},"31":{"start":{"line":48,"column":1},"end":{"line":56,"column":2}},"32":{"start":{"line":49,"column":2},"end":{"line":49,"column":33}},"33":{"start":{"line":50,"column":7},"end":{"line":56,"column":2}},"34":{"start":{"line":51,"column":2},"end":{"line":51,"column":51}},"35":{"start":{"line":55,"column":2},"end":{"line":55,"column":30}},"36":{"start":{"line":59,"column":0},"end":{"line":75,"column":3}},"37":{"start":{"line":61,"column":15},"end":{"line":61,"column":29}},"38":{"start":{"line":62,"column":16},"end":{"line":62,"column":46}},"39":{"start":{"line":63,"column":2},"end":{"line":63,"column":46}},"40":{"start":{"line":66,"column":15},"end":{"line":66,"column":29}},"41":{"start":{"line":67,"column":2},"end":{"line":67,"column":31}},"42":{"start":{"line":68,"column":2},"end":{"line":68,"column":30}},"43":{"start":{"line":71,"column":15},"end":{"line":71,"column":29}},"44":{"start":{"line":72,"column":57},"end":{"line":72,"column":69}},"45":{"start":{"line":73,"column":2},"end":{"line":73,"column":78}},"46":{"start":{"line":74,"column":2},"end":{"line":74,"column":30}},"47":{"start":{"line":77,"column":0},"end":{"line":81,"column":2}},"48":{"start":{"line":78,"column":14},"end":{"line":78,"column":28}},"49":{"start":{"line":79,"column":20},"end":{"line":79,"column":52}},"50":{"start":{"line":80,"column":1},"end":{"line":80,"column":54}},"51":{"start":{"line":83,"column":0},"end":{"line":83,"column":23}}},"fnMap":{"0":{"name":"(anonymous_0)","decl":{"start":{"line":9,"column":15},"end":{"line":9,"column":16}},"loc":{"start":{"line":9,"column":48},"end":{"line":26,"column":2}},"line":9},"1":{"name":"(anonymous_1)","decl":{"start":{"line":27,"column":33},"end":{"line":27,"column":34}},"loc":{"start":{"line":27,"column":66},"end":{"line":32,"column":2}},"line":27},"2":{"name":"(anonymous_2)","decl":{"start":{"line":34,"column":27},"end":{"line":34,"column":28}},"loc":{"start":{"line":34,"column":60},"end":{"line":37,"column":1}},"line":34},"3":{"name":"(anonymous_3)","decl":{"start":{"line":39,"column":53},"end":{"line":39,"column":54}},"loc":{"start":{"line":39,"column":86},"end":{"line":57,"column":1}},"line":39},"4":{"name":"(anonymous_4)","decl":{"start":{"line":60,"column":32},"end":{"line":60,"column":33}},"loc":{"start":{"line":60,"column":65},"end":{"line":64,"column":2}},"line":60},"5":{"name":"(anonymous_5)","decl":{"start":{"line":65,"column":35},"end":{"line":65,"column":36}},"loc":{"start":{"line":65,"column":68},"end":{"line":69,"column":2}},"line":65},"6":{"name":"(anonymous_6)","decl":{"start":{"line":70,"column":32},"end":{"line":70,"column":33}},"loc":{"start":{"line":70,"column":65},"end":{"line":75,"column":2}},"line":70},"7":{"name":"(anonymous_7)","decl":{"start":{"line":77,"column":50},"end":{"line":77,"column":51}},"loc":{"start":{"line":77,"column":83},"end":{"line":81,"column":1}},"line":77}},"branchMap":{"0":{"loc":{"start":{"line":13,"column":2},"end":{"line":24,"column":3}},"type":"if","locations":[{"start":{"line":13,"column":2},"end":{"line":24,"column":3}},{"start":{"line":13,"column":2},"end":{"line":24,"column":3}}],"line":13},"1":{"loc":{"start":{"line":17,"column":7},"end":{"line":24,"column":3}},"type":"if","locations":[{"start":{"line":17,"column":7},"end":{"line":24,"column":3}},{"start":{"line":17,"column":7},"end":{"line":24,"column":3}}],"line":17},"2":{"loc":{"start":{"line":43,"column":1},"end":{"line":46,"column":45}},"type":"if","locations":[{"start":{"line":43,"column":1},"end":{"line":46,"column":45}},{"start":{"line":43,"column":1},"end":{"line":46,"column":45}}],"line":43},"3":{"loc":{"start":{"line":48,"column":1},"end":{"line":56,"column":2}},"type":"if","locations":[{"start":{"line":48,"column":1},"end":{"line":56,"column":2}},{"start":{"line":48,"column":1},"end":{"line":56,"column":2}}],"line":48},"4":{"loc":{"start":{"line":50,"column":7},"end":{"line":56,"column":2}},"type":"if","locations":[{"start":{"line":50,"column":7},"end":{"line":56,"column":2}},{"start":{"line":50,"column":7},"end":{"line":56,"column":2}}],"line":50}},"s":{"0":1,"1":1,"2":1,"3":1,"4":1,"5":1,"6":1,"7":0,"8":0,"9":0,"10":0,"11":0,"12":0,"13":0,"14":0,"15":0,"16":0,"17":0,"18":0,"19":0,"20":0,"21":0,"22":1,"23":0,"24":0,"25":1,"26":0,"27":0,"28":0,"29":0,"30":0,"31":0,"32":0,"33":0,"34":0,"35":0,"36":1,"37":0,"38":0,"39":0,"40":0,"41":0,"42":0,"43":0,"44":0,"45":0,"46":0,"47":1,"48":0,"49":0,"50":0,"51":1},"f":{"0":0,"1":0,"2":0,"3":0,"4":0,"5":0,"6":0,"7":0},"b":{"0":[0,0],"1":[0,0],"2":[0,0],"3":[0,0],"4":[0,0]},"_coverageSchema":"43e27e138ebf9cfc5966b082cf9a028302ed4184","hash":"3d289a33b6bb0854da6b1da538896be89dc35187"}
,"C:\\Users\\patin\\myBeverage\\routes\\helper.js": {"path":"C:\\Users\\patin\\myBeverage\\routes\\helper.js","statementMap":{"0":{"start":{"line":1,"column":0},"end":{"line":19,"column":1}},"1":{"start":{"line":3,"column":2},"end":{"line":6,"column":3}},"2":{"start":{"line":4,"column":3},"end":{"line":4,"column":49}},"3":{"start":{"line":5,"column":3},"end":{"line":5,"column":12}},"4":{"start":{"line":8,"column":2},"end":{"line":15,"column":3}},"5":{"start":{"line":9,"column":3},"end":{"line":9,"column":37}},"6":{"start":{"line":10,"column":3},"end":{"line":10,"column":12}},"7":{"start":{"line":12,"column":7},"end":{"line":15,"column":3}},"8":{"start":{"line":13,"column":3},"end":{"line":13,"column":32}},"9":{"start":{"line":14,"column":3},"end":{"line":14,"column":11}},"10":{"start":{"line":16,"column":2},"end":{"line":16,"column":30}},"11":{"start":{"line":17,"column":2},"end":{"line":17,"column":11}}},"fnMap":{"0":{"name":"(anonymous_0)","decl":{"start":{"line":2,"column":21},"end":{"line":2,"column":22}},"loc":{"start":{"line":2,"column":59},"end":{"line":18,"column":2}},"line":2}},"branchMap":{"0":{"loc":{"start":{"line":3,"column":2},"end":{"line":6,"column":3}},"type":"if","locations":[{"start":{"line":3,"column":2},"end":{"line":6,"column":3}},{"start":{"line":3,"column":2},"end":{"line":6,"column":3}}],"line":3},"1":{"loc":{"start":{"line":8,"column":2},"end":{"line":15,"column":3}},"type":"if","locations":[{"start":{"line":8,"column":2},"end":{"line":15,"column":3}},{"start":{"line":8,"column":2},"end":{"line":15,"column":3}}],"line":8},"2":{"loc":{"start":{"line":12,"column":7},"end":{"line":15,"column":3}},"type":"if","locations":[{"start":{"line":12,"column":7},"end":{"line":15,"column":3}},{"start":{"line":12,"column":7},"end":{"line":15,"column":3}}],"line":12},"3":{"loc":{"start":{"line":12,"column":10},"end":{"line":12,"column":70}},"type":"binary-expr","locations":[{"start":{"line":12,"column":10},"end":{"line":12,"column":38}},{"start":{"line":12,"column":42},"end":{"line":12,"column":70}}],"line":12}},"s":{"0":3,"1":4,"2":1,"3":1,"4":3,"5":1,"6":1,"7":2,"8":2,"9":2,"10":0,"11":0},"f":{"0":4},"b":{"0":[1,3],"1":[1,2],"2":[2,0],"3":[2,2]},"_coverageSchema":"43e27e138ebf9cfc5966b082cf9a028302ed4184","hash":"42bc22cf74d40397efe1e4cd6ee94ed0bab22e78"}
,"C:\\Users\\patin\\myBeverage\\routes\\myBevDB.js": {"path":"C:\\Users\\patin\\myBeverage\\routes\\myBevDB.js","statementMap":{"0":{"start":{"line":1,"column":18},"end":{"line":1,"column":38}},"1":{"start":{"line":2,"column":29},"end":{"line":2,"column":48}},"2":{"start":{"line":3,"column":11},"end":{"line":3,"column":23}},"3":{"start":{"line":4,"column":57},"end":{"line":4,"column":77}},"4":{"start":{"line":6,"column":13},"end":{"line":6,"column":18}},"5":{"start":{"line":7,"column":14},"end":{"line":7,"column":20}},"6":{"start":{"line":8,"column":17},"end":{"line":8,"column":27}},"7":{"start":{"line":9,"column":14},"end":{"line":9,"column":20}},"8":{"start":{"line":10,"column":18},"end":{"line":10,"column":28}},"9":{"start":{"line":12,"column":0},"end":{"line":218,"column":1}},"10":{"start":{"line":16,"column":2},"end":{"line":16,"column":29}},"11":{"start":{"line":17,"column":2},"end":{"line":17,"column":34}},"12":{"start":{"line":18,"column":2},"end":{"line":18,"column":54}},"13":{"start":{"line":21,"column":2},"end":{"line":26,"column":3}},"14":{"start":{"line":22,"column":3},"end":{"line":22,"column":14}},"15":{"start":{"line":25,"column":3},"end":{"line":25,"column":15}},"16":{"start":{"line":29,"column":2},"end":{"line":29,"column":25}},"17":{"start":{"line":32,"column":2},"end":{"line":32,"column":41}},"18":{"start":{"line":33,"column":2},"end":{"line":33,"column":45}},"19":{"start":{"line":34,"column":2},"end":{"line":34,"column":46}},"20":{"start":{"line":35,"column":2},"end":{"line":35,"column":35}},"21":{"start":{"line":36,"column":2},"end":{"line":36,"column":31}},"22":{"start":{"line":37,"column":2},"end":{"line":37,"column":165}},"23":{"start":{"line":38,"column":2},"end":{"line":38,"column":129}},"24":{"start":{"line":39,"column":2},"end":{"line":39,"column":125}},"25":{"start":{"line":42,"column":2},"end":{"line":42,"column":34}},"26":{"start":{"line":45,"column":2},"end":{"line":45,"column":66}},"27":{"start":{"line":48,"column":2},"end":{"line":52,"column":4}},"28":{"start":{"line":56,"column":18},"end":{"line":56,"column":20}},"29":{"start":{"line":57,"column":2},"end":{"line":57,"column":26}},"30":{"start":{"line":57,"column":9},"end":{"line":57,"column":26}},"31":{"start":{"line":58,"column":2},"end":{"line":58,"column":44}},"32":{"start":{"line":58,"column":15},"end":{"line":58,"column":44}},"33":{"start":{"line":60,"column":2},"end":{"line":62,"column":4}},"34":{"start":{"line":65,"column":15},"end":{"line":65,"column":49}},"35":{"start":{"line":66,"column":2},"end":{"line":71,"column":12}},"36":{"start":{"line":67,"column":3},"end":{"line":67,"column":32}},"37":{"start":{"line":68,"column":3},"end":{"line":68,"column":11}},"38":{"start":{"line":71,"column":3},"end":{"line":71,"column":12}},"39":{"start":{"line":74,"column":2},"end":{"line":79,"column":4}},"40":{"start":{"line":82,"column":2},"end":{"line":84,"column":4}},"41":{"start":{"line":88,"column":18},"end":{"line":88,"column":53}},"42":{"start":{"line":89,"column":2},"end":{"line":89,"column":16}},"43":{"start":{"line":93,"column":20},"end":{"line":93,"column":52}},"44":{"start":{"line":94,"column":2},"end":{"line":94,"column":18}},"45":{"start":{"line":97,"column":20},"end":{"line":97,"column":69}},"46":{"start":{"line":98,"column":2},"end":{"line":98,"column":18}},"47":{"start":{"line":101,"column":20},"end":{"line":103,"column":4}},"48":{"start":{"line":104,"column":2},"end":{"line":104,"column":18}},"49":{"start":{"line":107,"column":17},"end":{"line":107,"column":19}},"50":{"start":{"line":108,"column":5},"end":{"line":114,"column":7}},"51":{"start":{"line":109,"column":6},"end":{"line":109,"column":28}},"52":{"start":{"line":110,"column":6},"end":{"line":110,"column":40}},"53":{"start":{"line":111,"column":6},"end":{"line":111,"column":44}},"54":{"start":{"line":112,"column":6},"end":{"line":112,"column":34}},"55":{"start":{"line":113,"column":6},"end":{"line":113,"column":36}},"56":{"start":{"line":115,"column":5},"end":{"line":115,"column":20}},"57":{"start":{"line":118,"column":2},"end":{"line":125,"column":4}},"58":{"start":{"line":119,"column":3},"end":{"line":124,"column":5}},"59":{"start":{"line":128,"column":2},"end":{"line":128,"column":34}},"60":{"start":{"line":131,"column":2},"end":{"line":134,"column":4}},"61":{"start":{"line":132,"column":3},"end":{"line":132,"column":55}},"62":{"start":{"line":133,"column":3},"end":{"line":133,"column":21}},"63":{"start":{"line":137,"column":2},"end":{"line":137,"column":40}},"64":{"start":{"line":140,"column":2},"end":{"line":140,"column":55}},"65":{"start":{"line":143,"column":2},"end":{"line":143,"column":38}},"66":{"start":{"line":146,"column":17},"end":{"line":148,"column":4}},"67":{"start":{"line":149,"column":2},"end":{"line":149,"column":25}},"68":{"start":{"line":150,"column":2},"end":{"line":150,"column":17}},"69":{"start":{"line":154,"column":2},"end":{"line":181,"column":5}},"70":{"start":{"line":161,"column":4},"end":{"line":180,"column":5}},"71":{"start":{"line":162,"column":5},"end":{"line":162,"column":24}},"72":{"start":{"line":163,"column":5},"end":{"line":171,"column":7}},"73":{"start":{"line":174,"column":5},"end":{"line":174,"column":34}},"74":{"start":{"line":175,"column":5},"end":{"line":179,"column":7}},"75":{"start":{"line":184,"column":2},"end":{"line":189,"column":4}},"76":{"start":{"line":192,"column":14},"end":{"line":192,"column":55}},"77":{"start":{"line":194,"column":2},"end":{"line":215,"column":4}},"78":{"start":{"line":201,"column":3},"end":{"line":204,"column":4}},"79":{"start":{"line":202,"column":4},"end":{"line":202,"column":21}},"80":{"start":{"line":203,"column":4},"end":{"line":203,"column":16}},"81":{"start":{"line":205,"column":21},"end":{"line":205,"column":49}},"82":{"start":{"line":205,"column":35},"end":{"line":205,"column":48}},"83":{"start":{"line":206,"column":20},"end":{"line":206,"column":76}},"84":{"start":{"line":209,"column":3},"end":{"line":209,"column":91}},"85":{"start":{"line":209,"column":24},"end":{"line":209,"column":90}},"86":{"start":{"line":209,"column":56},"end":{"line":209,"column":77}},"87":{"start":{"line":211,"column":3},"end":{"line":213,"column":5}},"88":{"start":{"line":212,"column":4},"end":{"line":212,"column":52}},"89":{"start":{"line":214,"column":3},"end":{"line":214,"column":28}},"90":{"start":{"line":216,"column":2},"end":{"line":216,"column":14}}},"fnMap":{"0":{"name":"(anonymous_0)","decl":{"start":{"line":15,"column":17},"end":{"line":15,"column":18}},"loc":{"start":{"line":15,"column":35},"end":{"line":19,"column":2}},"line":15},"1":{"name":"(anonymous_1)","decl":{"start":{"line":20,"column":23},"end":{"line":20,"column":24}},"loc":{"start":{"line":20,"column":33},"end":{"line":27,"column":2}},"line":20},"2":{"name":"(anonymous_2)","decl":{"start":{"line":28,"column":17},"end":{"line":28,"column":18}},"loc":{"start":{"line":28,"column":27},"end":{"line":30,"column":2}},"line":28},"3":{"name":"(anonymous_3)","decl":{"start":{"line":31,"column":18},"end":{"line":31,"column":19}},"loc":{"start":{"line":31,"column":28},"end":{"line":40,"column":2}},"line":31},"4":{"name":"(anonymous_4)","decl":{"start":{"line":41,"column":14},"end":{"line":41,"column":15}},"loc":{"start":{"line":41,"column":30},"end":{"line":43,"column":2}},"line":41},"5":{"name":"(anonymous_5)","decl":{"start":{"line":44,"column":16},"end":{"line":44,"column":17}},"loc":{"start":{"line":44,"column":40},"end":{"line":46,"column":2}},"line":44},"6":{"name":"(anonymous_6)","decl":{"start":{"line":47,"column":13},"end":{"line":47,"column":14}},"loc":{"start":{"line":47,"column":53},"end":{"line":53,"column":2}},"line":47},"7":{"name":"(anonymous_7)","decl":{"start":{"line":54,"column":13},"end":{"line":54,"column":14}},"loc":{"start":{"line":54,"column":41},"end":{"line":63,"column":2}},"line":54},"8":{"name":"(anonymous_8)","decl":{"start":{"line":64,"column":8},"end":{"line":64,"column":9}},"loc":{"start":{"line":64,"column":42},"end":{"line":72,"column":2}},"line":64},"9":{"name":"(anonymous_9)","decl":{"start":{"line":73,"column":14},"end":{"line":73,"column":15}},"loc":{"start":{"line":73,"column":59},"end":{"line":80,"column":2}},"line":73},"10":{"name":"(anonymous_10)","decl":{"start":{"line":81,"column":17},"end":{"line":81,"column":18}},"loc":{"start":{"line":81,"column":41},"end":{"line":85,"column":2}},"line":81},"11":{"name":"(anonymous_11)","decl":{"start":{"line":86,"column":19},"end":{"line":86,"column":20}},"loc":{"start":{"line":87,"column":1},"end":{"line":90,"column":2}},"line":87},"12":{"name":"(anonymous_12)","decl":{"start":{"line":91,"column":15},"end":{"line":91,"column":16}},"loc":{"start":{"line":92,"column":1},"end":{"line":95,"column":2}},"line":92},"13":{"name":"(anonymous_13)","decl":{"start":{"line":96,"column":22},"end":{"line":96,"column":23}},"loc":{"start":{"line":96,"column":46},"end":{"line":99,"column":2}},"line":96},"14":{"name":"(anonymous_14)","decl":{"start":{"line":100,"column":20},"end":{"line":100,"column":21}},"loc":{"start":{"line":100,"column":42},"end":{"line":105,"column":2}},"line":100},"15":{"name":"(anonymous_15)","decl":{"start":{"line":106,"column":15},"end":{"line":106,"column":16}},"loc":{"start":{"line":106,"column":33},"end":{"line":116,"column":2}},"line":106},"16":{"name":"(anonymous_16)","decl":{"start":{"line":108,"column":35},"end":{"line":108,"column":36}},"loc":{"start":{"line":108,"column":42},"end":{"line":114,"column":6}},"line":108},"17":{"name":"(anonymous_17)","decl":{"start":{"line":117,"column":14},"end":{"line":117,"column":15}},"loc":{"start":{"line":117,"column":64},"end":{"line":126,"column":2}},"line":117},"18":{"name":"(anonymous_18)","decl":{"start":{"line":118,"column":46},"end":{"line":118,"column":47}},"loc":{"start":{"line":118,"column":59},"end":{"line":125,"column":3}},"line":118},"19":{"name":"(anonymous_19)","decl":{"start":{"line":127,"column":14},"end":{"line":127,"column":15}},"loc":{"start":{"line":127,"column":32},"end":{"line":129,"column":2}},"line":127},"20":{"name":"(anonymous_20)","decl":{"start":{"line":130,"column":17},"end":{"line":130,"column":18}},"loc":{"start":{"line":130,"column":35},"end":{"line":135,"column":2}},"line":130},"21":{"name":"(anonymous_21)","decl":{"start":{"line":131,"column":42},"end":{"line":131,"column":43}},"loc":{"start":{"line":131,"column":52},"end":{"line":134,"column":3}},"line":131},"22":{"name":"(anonymous_22)","decl":{"start":{"line":136,"column":15},"end":{"line":136,"column":16}},"loc":{"start":{"line":136,"column":31},"end":{"line":138,"column":2}},"line":136},"23":{"name":"(anonymous_23)","decl":{"start":{"line":139,"column":15},"end":{"line":139,"column":16}},"loc":{"start":{"line":139,"column":33},"end":{"line":141,"column":2}},"line":139},"24":{"name":"(anonymous_24)","decl":{"start":{"line":142,"column":18},"end":{"line":142,"column":19}},"loc":{"start":{"line":142,"column":36},"end":{"line":144,"column":2}},"line":142},"25":{"name":"(anonymous_25)","decl":{"start":{"line":145,"column":17},"end":{"line":145,"column":18}},"loc":{"start":{"line":145,"column":33},"end":{"line":151,"column":2}},"line":145},"26":{"name":"(anonymous_26)","decl":{"start":{"line":152,"column":15},"end":{"line":152,"column":16}},"loc":{"start":{"line":152,"column":60},"end":{"line":182,"column":2}},"line":152},"27":{"name":"(anonymous_27)","decl":{"start":{"line":160,"column":9},"end":{"line":160,"column":10}},"loc":{"start":{"line":160,"column":31},"end":{"line":181,"column":4}},"line":160},"28":{"name":"(anonymous_28)","decl":{"start":{"line":183,"column":18},"end":{"line":183,"column":19}},"loc":{"start":{"line":183,"column":53},"end":{"line":190,"column":2}},"line":183},"29":{"name":"(anonymous_29)","decl":{"start":{"line":191,"column":18},"end":{"line":191,"column":19}},"loc":{"start":{"line":191,"column":41},"end":{"line":217,"column":2}},"line":191},"30":{"name":"(anonymous_30)","decl":{"start":{"line":200,"column":8},"end":{"line":200,"column":9}},"loc":{"start":{"line":200,"column":30},"end":{"line":215,"column":3}},"line":200},"31":{"name":"(anonymous_31)","decl":{"start":{"line":205,"column":32},"end":{"line":205,"column":33}},"loc":{"start":{"line":205,"column":35},"end":{"line":205,"column":48}},"line":205},"32":{"name":"(anonymous_32)","decl":{"start":{"line":209,"column":19},"end":{"line":209,"column":20}},"loc":{"start":{"line":209,"column":24},"end":{"line":209,"column":90}},"line":209},"33":{"name":"(anonymous_33)","decl":{"start":{"line":209,"column":51},"end":{"line":209,"column":52}},"loc":{"start":{"line":209,"column":56},"end":{"line":209,"column":77}},"line":209},"34":{"name":"(anonymous_34)","decl":{"start":{"line":211,"column":22},"end":{"line":211,"column":23}},"loc":{"start":{"line":211,"column":37},"end":{"line":213,"column":4}},"line":211}},"branchMap":{"0":{"loc":{"start":{"line":21,"column":2},"end":{"line":26,"column":3}},"type":"if","locations":[{"start":{"line":21,"column":2},"end":{"line":26,"column":3}},{"start":{"line":21,"column":2},"end":{"line":26,"column":3}}],"line":21},"1":{"loc":{"start":{"line":57,"column":2},"end":{"line":57,"column":26}},"type":"if","locations":[{"start":{"line":57,"column":2},"end":{"line":57,"column":26}},{"start":{"line":57,"column":2},"end":{"line":57,"column":26}}],"line":57},"2":{"loc":{"start":{"line":58,"column":2},"end":{"line":58,"column":44}},"type":"if","locations":[{"start":{"line":58,"column":2},"end":{"line":58,"column":44}},{"start":{"line":58,"column":2},"end":{"line":58,"column":44}}],"line":58},"3":{"loc":{"start":{"line":66,"column":2},"end":{"line":71,"column":12}},"type":"if","locations":[{"start":{"line":66,"column":2},"end":{"line":71,"column":12}},{"start":{"line":66,"column":2},"end":{"line":71,"column":12}}],"line":66},"4":{"loc":{"start":{"line":161,"column":4},"end":{"line":180,"column":5}},"type":"if","locations":[{"start":{"line":161,"column":4},"end":{"line":180,"column":5}},{"start":{"line":161,"column":4},"end":{"line":180,"column":5}}],"line":161},"5":{"loc":{"start":{"line":201,"column":3},"end":{"line":204,"column":4}},"type":"if","locations":[{"start":{"line":201,"column":3},"end":{"line":204,"column":4}},{"start":{"line":201,"column":3},"end":{"line":204,"column":4}}],"line":201}},"s":{"0":2,"1":2,"2":2,"3":2,"4":2,"5":2,"6":2,"7":2,"8":2,"9":2,"10":2,"11":2,"12":2,"13":8,"14":1,"15":7,"16":2,"17":0,"18":0,"19":0,"20":0,"21":0,"22":0,"23":0,"24":0,"25":1,"26":1,"27":0,"28":0,"29":0,"30":0,"31":0,"32":0,"33":0,"34":1,"35":1,"36":1,"37":1,"38":0,"39":0,"40":0,"41":0,"42":0,"43":0,"44":0,"45":0,"46":0,"47":0,"48":0,"49":0,"50":0,"51":0,"52":0,"53":0,"54":0,"55":0,"56":0,"57":0,"58":0,"59":0,"60":0,"61":0,"62":0,"63":0,"64":1,"65":4,"66":2,"67":2,"68":2,"69":1,"70":1,"71":0,"72":0,"73":1,"74":1,"75":3,"76":2,"77":2,"78":2,"79":0,"80":0,"81":2,"82":3,"83":2,"84":2,"85":3,"86":5,"87":2,"88":3,"89":2,"90":2},"f":{"0":2,"1":8,"2":2,"3":0,"4":1,"5":1,"6":0,"7":0,"8":1,"9":0,"10":0,"11":0,"12":0,"13":0,"14":0,"15":0,"16":0,"17":0,"18":0,"19":0,"20":0,"21":0,"22":0,"23":1,"24":4,"25":2,"26":1,"27":1,"28":3,"29":2,"30":2,"31":3,"32":3,"33":5,"34":3},"b":{"0":[1,7],"1":[0,0],"2":[0,0],"3":[1,0],"4":[0,1],"5":[0,2]},"_coverageSchema":"43e27e138ebf9cfc5966b082cf9a028302ed4184","hash":"91ac12db3a0377ff80e4ded20b16236584e21a5b"}
,"C:\\Users\\patin\\myBeverage\\routes\\order_items.js": {"path":"C:\\Users\\patin\\myBeverage\\routes\\order_items.js","statementMap":{"0":{"start":{"line":1,"column":16},"end":{"line":1,"column":34}},"1":{"start":{"line":2,"column":19},"end":{"line":2,"column":41}},"2":{"start":{"line":3,"column":15},"end":{"line":3,"column":31}},"3":{"start":{"line":4,"column":25},"end":{"line":4,"column":63}},"4":{"start":{"line":5,"column":16},"end":{"line":5,"column":36}},"5":{"start":{"line":6,"column":31},"end":{"line":6,"column":56}},"6":{"start":{"line":8,"column":0},"end":{"line":19,"column":2}},"7":{"start":{"line":9,"column":41},"end":{"line":9,"column":53}},"8":{"start":{"line":10,"column":1},"end":{"line":18,"column":2}},"9":{"start":{"line":13,"column":2},"end":{"line":13,"column":24}},"10":{"start":{"line":16,"column":2},"end":{"line":16,"column":58}},"11":{"start":{"line":17,"column":2},"end":{"line":17,"column":46}},"12":{"start":{"line":21,"column":0},"end":{"line":32,"column":2}},"13":{"start":{"line":22,"column":21},"end":{"line":22,"column":34}},"14":{"start":{"line":23,"column":14},"end":{"line":23,"column":28}},"15":{"start":{"line":24,"column":17},"end":{"line":24,"column":19}},"16":{"start":{"line":25,"column":1},"end":{"line":31,"column":2}},"17":{"start":{"line":26,"column":2},"end":{"line":26,"column":24}},"18":{"start":{"line":29,"column":2},"end":{"line":29,"column":52}},"19":{"start":{"line":30,"column":2},"end":{"line":30,"column":46}},"20":{"start":{"line":34,"column":0},"end":{"line":34,"column":23}}},"fnMap":{"0":{"name":"(anonymous_0)","decl":{"start":{"line":8,"column":48},"end":{"line":8,"column":49}},"loc":{"start":{"line":8,"column":82},"end":{"line":19,"column":1}},"line":8},"1":{"name":"(anonymous_1)","decl":{"start":{"line":21,"column":53},"end":{"line":21,"column":54}},"loc":{"start":{"line":21,"column":86},"end":{"line":32,"column":1}},"line":21}},"branchMap":{"0":{"loc":{"start":{"line":10,"column":1},"end":{"line":18,"column":2}},"type":"if","locations":[{"start":{"line":10,"column":1},"end":{"line":18,"column":2}},{"start":{"line":10,"column":1},"end":{"line":18,"column":2}}],"line":10},"1":{"loc":{"start":{"line":10,"column":5},"end":{"line":12,"column":33}},"type":"binary-expr","locations":[{"start":{"line":10,"column":5},"end":{"line":10,"column":35}},{"start":{"line":11,"column":2},"end":{"line":11,"column":34}},{"start":{"line":12,"column":2},"end":{"line":12,"column":33}}],"line":10},"2":{"loc":{"start":{"line":25,"column":1},"end":{"line":31,"column":2}},"type":"if","locations":[{"start":{"line":25,"column":1},"end":{"line":31,"column":2}},{"start":{"line":25,"column":1},"end":{"line":31,"column":2}}],"line":25},"3":{"loc":{"start":{"line":25,"column":4},"end":{"line":25,"column":65}},"type":"binary-expr","locations":[{"start":{"line":25,"column":4},"end":{"line":25,"column":36}},{"start":{"line":25,"column":40},"end":{"line":25,"column":65}}],"line":25}},"s":{"0":1,"1":1,"2":1,"3":1,"4":1,"5":1,"6":1,"7":0,"8":0,"9":0,"10":0,"11":0,"12":1,"13":0,"14":0,"15":0,"16":0,"17":0,"18":0,"19":0,"20":1},"f":{"0":0,"1":0},"b":{"0":[0,0],"1":[0,0,0],"2":[0,0],"3":[0,0]},"_coverageSchema":"43e27e138ebf9cfc5966b082cf9a028302ed4184","hash":"50b9975722a6f02afc5431c8d7e98a87fc6073a6"}
,"C:\\Users\\patin\\myBeverage\\routes\\orders.js": {"path":"C:\\Users\\patin\\myBeverage\\routes\\orders.js","statementMap":{"0":{"start":{"line":1,"column":16},"end":{"line":1,"column":34}},"1":{"start":{"line":2,"column":19},"end":{"line":2,"column":41}},"2":{"start":{"line":3,"column":15},"end":{"line":3,"column":31}},"3":{"start":{"line":4,"column":25},"end":{"line":4,"column":63}},"4":{"start":{"line":5,"column":16},"end":{"line":5,"column":36}},"5":{"start":{"line":6,"column":31},"end":{"line":6,"column":56}},"6":{"start":{"line":8,"column":0},"end":{"line":11,"column":2}},"7":{"start":{"line":9,"column":18},"end":{"line":9,"column":46}},"8":{"start":{"line":10,"column":1},"end":{"line":10,"column":51}},"9":{"start":{"line":13,"column":0},"end":{"line":17,"column":2}},"10":{"start":{"line":14,"column":13},"end":{"line":14,"column":43}},"11":{"start":{"line":15,"column":12},"end":{"line":15,"column":17}},"12":{"start":{"line":16,"column":1},"end":{"line":16,"column":58}},"13":{"start":{"line":19,"column":0},"end":{"line":25,"column":2}},"14":{"start":{"line":20,"column":14},"end":{"line":20,"column":28}},"15":{"start":{"line":21,"column":13},"end":{"line":21,"column":46}},"16":{"start":{"line":22,"column":12},"end":{"line":22,"column":18}},"17":{"start":{"line":23,"column":1},"end":{"line":23,"column":57}},"18":{"start":{"line":27,"column":0},"end":{"line":32,"column":2}},"19":{"start":{"line":28,"column":14},"end":{"line":28,"column":28}},"20":{"start":{"line":29,"column":13},"end":{"line":29,"column":46}},"21":{"start":{"line":30,"column":12},"end":{"line":30,"column":18}},"22":{"start":{"line":31,"column":1},"end":{"line":31,"column":58}},"23":{"start":{"line":34,"column":0},"end":{"line":34,"column":23}}},"fnMap":{"0":{"name":"(anonymous_0)","decl":{"start":{"line":8,"column":29},"end":{"line":8,"column":30}},"loc":{"start":{"line":8,"column":63},"end":{"line":11,"column":1}},"line":8},"1":{"name":"(anonymous_1)","decl":{"start":{"line":13,"column":32},"end":{"line":13,"column":33}},"loc":{"start":{"line":13,"column":66},"end":{"line":17,"column":1}},"line":13},"2":{"name":"(anonymous_2)","decl":{"start":{"line":19,"column":19},"end":{"line":19,"column":20}},"loc":{"start":{"line":19,"column":53},"end":{"line":25,"column":1}},"line":19},"3":{"name":"(anonymous_3)","decl":{"start":{"line":27,"column":37},"end":{"line":27,"column":38}},"loc":{"start":{"line":27,"column":71},"end":{"line":32,"column":1}},"line":27}},"branchMap":{},"s":{"0":1,"1":1,"2":1,"3":1,"4":1,"5":1,"6":1,"7":0,"8":0,"9":1,"10":0,"11":0,"12":0,"13":1,"14":1,"15":1,"16":1,"17":1,"18":1,"19":0,"20":0,"21":0,"22":0,"23":1},"f":{"0":0,"1":0,"2":1,"3":0},"b":{},"_coverageSchema":"43e27e138ebf9cfc5966b082cf9a028302ed4184","hash":"5a95bed246b38595659254a65633cf9d79d9b061"}
}
